[2019-03-20T16:05:04.609] [INFO] main.js - --------------------------- 开始编译 ---------------------------
[2019-03-20T16:05:04.611] [INFO] main.js - 程序运行目录: C:\Users\PG\Documents\GitHub\SWG\client
[2019-03-20T16:05:04.611] [INFO] main.js - 首次启动!
[2019-03-20T16:05:04.611] [INFO] main.js - 生成版本号: 4hiaj13bslk
[2019-03-20T16:05:04.613] [INFO] main.js - 清理资源文件夹: C:\Users\PG\Documents\GitHub\SWG\public\static
[2019-03-20T16:05:04.613] [INFO] tool.js - 文件夹不存在: C:\Users\PG\Documents\GitHub\SWG\public\static
[2019-03-20T16:05:04.614] [INFO] tool.js - 创建文件夹: C:\Users\PG\Documents\GitHub\SWG\public\static
[2019-03-20T16:05:04.614] [INFO] main.js - 读取模板文件: C:\Users\PG\Documents\GitHub\PG\index.html
[2019-03-20T16:05:04.614] [DEBUG] main.js - 读取网页标题: 页面
[2019-03-20T16:05:04.614] [DEBUG] main.js - 处理页面源信息: [{"http-equiv":"content-type","content":"text/html; charset=UTF-8"},{"name":"viewport","content":"initial-scale=1,user-scalable=no,maximum-scale=1"}]
[2019-03-20T16:05:05.157] [DEBUG] default - 发现 comment 规则: undefined
[2019-03-20T16:05:05.157] [DEBUG] default - 发现 comment 规则: undefined
[2019-03-20T16:05:05.157] [DEBUG] default - 发现 comment 规则: undefined
[2019-03-20T16:05:05.175] [DEBUG] index.js - 页面中使用到的动画列表: [object Set]
[2019-03-20T16:05:05.176] [INFO] tool.js - 文件夹不存在: C:\Users\PG\Documents\GitHub\SWG\public\static\resource
[2019-03-20T16:05:05.176] [INFO] tool.js - 创建文件夹: C:\Users\PG\Documents\GitHub\SWG\public\static\resource
[2019-03-20T16:05:05.190] [INFO] main.js - 工程中包含多个页面!
[2019-03-20T16:05:05.191] [INFO] tool.js - 文件夹不存在: C:\Users\PG\Documents\GitHub\SWG\public\static\css
[2019-03-20T16:05:05.192] [INFO] tool.js - 创建文件夹: C:\Users\PG\Documents\GitHub\SWG\public\static\css
[2019-03-20T16:05:05.192] [INFO] main.js - 写文件: C:\Users\PG\Documents\GitHub\SWG\public\static\css\ozzx.animation.css
[2019-03-20T16:05:05.193] [INFO] main.js - 包含有页面切换动画!
[2019-03-20T16:05:05.194] [INFO] main.js - 动画列表: moveToLeft,moveFromRight
[2019-03-20T16:05:09.745] [INFO] tool.js - 文件夹不存在: C:\Users\PG\Documents\GitHub\SWG\public\static\js
[2019-03-20T16:05:09.745] [INFO] tool.js - 创建文件夹: C:\Users\PG\Documents\GitHub\SWG\public\static\js
[2019-03-20T16:05:09.747] [INFO] tool.js - 读取文件: C:\Users\PG\Documents\GitHub\PG\core\debug\autoReload.js
[2019-03-20T16:05:09.748] [DEBUG] main.js - 处理引用脚本: []
[2019-03-20T16:05:09.748] [DEBUG] main.js - 没有使用到外部脚本!
[2019-03-20T16:05:09.748] [DEBUG] main.js - 判断是否可以输出Html!
[2019-03-20T16:05:09.748] [INFO] main.js - 监控文件夹变化: C:\Users\PG\Documents\GitHub\SWG\client\src
[2019-03-20T16:05:09.761] [INFO] main.js - 服务器运行在: 127.0.0.1:8000
[2019-03-20T16:05:09.932] [INFO] tool.js - 读取文件: C:\Users\PG\Documents\GitHub\SWG\client\src\main.css
[2019-03-20T16:05:09.933] [DEBUG] main.js - 判断是否可以输出Html!
[2019-03-20T16:05:09.933] [ERROR] default - 找不到资源文件: C:\Users\PG\Documents\GitHub\SWG\client\src\resource\progress.svg
[2019-03-20T16:05:09.935] [INFO] main.js - Compile successfully, Use time: 5326 msec!
[2019-03-20T16:05:09.966] [INFO] tool.js - 读取成功: C:\Users\PG\Documents\GitHub\PG\core\debug\autoReload.js
[2019-03-20T16:05:09.966] [INFO] tool.js - 读取成功: C:\Users\PG\Documents\GitHub\SWG\client\src\main.css
[2019-03-20T16:05:09.967] [INFO] tool.js - 写入文件: C:\Users\PG\Documents\GitHub\SWG\public\static\css\main.css
[2019-03-20T16:05:09.967] [INFO] tool.js - 写入文件: C:\Users\PG\Documents\GitHub\SWG\public\static\js\autoReload.js
[2019-03-20T16:05:59.003] [INFO] main.js - --------------------------- 开始编译 ---------------------------
[2019-03-20T16:05:59.005] [INFO] main.js - 程序运行目录: C:\Users\PG\Documents\GitHub\SWG\client
[2019-03-20T16:05:59.005] [INFO] main.js - 首次启动!
[2019-03-20T16:05:59.005] [INFO] main.js - 生成版本号: fifq2gaxtap
[2019-03-20T16:05:59.008] [INFO] main.js - 清理资源文件夹: C:\Users\PG\Documents\GitHub\SWG\public\static
[2019-03-20T16:05:59.008] [INFO] tool.js - 文件夹不存在: C:\Users\PG\Documents\GitHub\SWG\public\static
[2019-03-20T16:05:59.008] [INFO] tool.js - 创建文件夹: C:\Users\PG\Documents\GitHub\SWG\public\static
[2019-03-20T16:05:59.008] [INFO] main.js - 读取模板文件: C:\Users\PG\Documents\GitHub\PG\index.html
[2019-03-20T16:05:59.009] [DEBUG] main.js - 读取网页标题: 页面
[2019-03-20T16:05:59.009] [DEBUG] main.js - 处理页面源信息: [{"http-equiv":"content-type","content":"text/html; charset=UTF-8"},{"name":"viewport","content":"initial-scale=1,user-scalable=no,maximum-scale=1"}]
[2019-03-20T16:05:59.149] [DEBUG] default - 发现 comment 规则: undefined
[2019-03-20T16:05:59.149] [DEBUG] default - 发现 comment 规则: undefined
[2019-03-20T16:05:59.149] [DEBUG] default - 发现 comment 规则: undefined
[2019-03-20T16:05:59.164] [DEBUG] index.js - 页面中使用到的动画列表: [object Set]
[2019-03-20T16:05:59.164] [INFO] tool.js - 文件夹不存在: C:\Users\PG\Documents\GitHub\SWG\public\static\resource
[2019-03-20T16:05:59.165] [INFO] tool.js - 创建文件夹: C:\Users\PG\Documents\GitHub\SWG\public\static\resource
[2019-03-20T16:05:59.191] [INFO] main.js - 工程中包含多个页面!
[2019-03-20T16:05:59.192] [INFO] tool.js - 文件夹不存在: C:\Users\PG\Documents\GitHub\SWG\public\static\css
[2019-03-20T16:05:59.192] [INFO] tool.js - 创建文件夹: C:\Users\PG\Documents\GitHub\SWG\public\static\css
[2019-03-20T16:05:59.192] [INFO] main.js - 写文件: C:\Users\PG\Documents\GitHub\SWG\public\static\css\ozzx.animation.css
[2019-03-20T16:05:59.193] [INFO] main.js - 包含有页面切换动画!
[2019-03-20T16:05:59.194] [INFO] main.js - 动画列表: moveToLeft,moveFromRight
[2019-03-20T16:06:00.107] [INFO] tool.js - 文件夹不存在: C:\Users\PG\Documents\GitHub\SWG\public\static\js
[2019-03-20T16:06:00.107] [INFO] tool.js - 创建文件夹: C:\Users\PG\Documents\GitHub\SWG\public\static\js
[2019-03-20T16:06:00.108] [INFO] tool.js - 读取文件: C:\Users\PG\Documents\GitHub\PG\core\debug\autoReload.js
[2019-03-20T16:06:00.108] [DEBUG] main.js - 处理引用脚本: []
[2019-03-20T16:06:00.109] [DEBUG] main.js - 没有使用到外部脚本!
[2019-03-20T16:06:00.109] [DEBUG] main.js - 判断是否可以输出Html!
[2019-03-20T16:06:00.109] [INFO] main.js - 监控文件夹变化: C:\Users\PG\Documents\GitHub\SWG\client\src
[2019-03-20T16:06:00.120] [INFO] main.js - 服务器运行在: 127.0.0.1:8000
[2019-03-20T16:06:00.306] [INFO] tool.js - 读取文件: C:\Users\PG\Documents\GitHub\SWG\client\src\main.css
[2019-03-20T16:06:00.306] [DEBUG] main.js - 判断是否可以输出Html!
[2019-03-20T16:06:00.306] [INFO] tool.js - 读取文件: C:\Users\PG\Documents\GitHub\SWG\client\src\resource\progress.svg
[2019-03-20T16:06:00.308] [INFO] main.js - Compile successfully, Use time: 1305 msec!
[2019-03-20T16:06:00.315] [INFO] tool.js - 读取成功: C:\Users\PG\Documents\GitHub\PG\core\debug\autoReload.js
[2019-03-20T16:06:00.315] [INFO] tool.js - 读取成功: C:\Users\PG\Documents\GitHub\SWG\client\src\resource\progress.svg
[2019-03-20T16:06:00.315] [INFO] tool.js - 读取成功: C:\Users\PG\Documents\GitHub\SWG\client\src\main.css
[2019-03-20T16:06:00.316] [INFO] tool.js - 写入文件: C:\Users\PG\Documents\GitHub\SWG\public\static\js\autoReload.js
[2019-03-20T16:06:00.316] [INFO] tool.js - 写入文件: C:\Users\PG\Documents\GitHub\SWG\public\static\css\main.css
[2019-03-20T16:06:00.316] [INFO] tool.js - 写入文件: C:\Users\PG\Documents\GitHub\SWG\public\static\resource\progress.svg
[2019-03-20T16:08:57.648] [INFO] main.js - file change: C:\Users\PG\Documents\GitHub\SWG\client\src\page\home.page
[2019-03-20T16:08:57.648] [INFO] main.js - --------------------------- 开始编译 ---------------------------
[2019-03-20T16:08:57.648] [INFO] main.js - 程序运行目录: C:\Users\PG\Documents\GitHub\SWG\client
[2019-03-20T16:08:57.648] [INFO] main.js - 刷新模式,变化目录: C:\Users\PG\Documents\GitHub\SWG\client\src\page\home.page
[2019-03-20T16:08:57.648] [INFO] main.js - 读取模板文件: C:\Users\PG\Documents\GitHub\PG\index.html
[2019-03-20T16:08:57.648] [DEBUG] main.js - 读取网页标题: 页面
[2019-03-20T16:08:57.649] [DEBUG] main.js - 处理页面源信息: [{"http-equiv":"content-type","content":"text/html; charset=UTF-8"},{"name":"viewport","content":"initial-scale=1,user-scalable=no,maximum-scale=1"}]
[2019-03-20T16:08:57.705] [DEBUG] default - 发现 comment 规则: undefined
[2019-03-20T16:08:57.705] [DEBUG] default - 发现 comment 规则: undefined
[2019-03-20T16:08:57.705] [DEBUG] default - 发现 comment 规则: undefined
[2019-03-20T16:08:57.717] [DEBUG] index.js - 页面中使用到的动画列表: [object Set]
[2019-03-20T16:08:57.721] [INFO] main.js - 工程中包含多个页面!
[2019-03-20T16:08:57.722] [INFO] main.js - 写文件: C:\Users\PG\Documents\GitHub\SWG\public\static\css\ozzx.animation.css
[2019-03-20T16:08:57.722] [INFO] main.js - 包含有页面切换动画!
[2019-03-20T16:08:57.723] [INFO] main.js - 动画列表: moveToLeft,moveFromRight
[2019-03-20T16:08:57.874] [DEBUG] main.js - 处理引用脚本: []
[2019-03-20T16:08:57.875] [DEBUG] main.js - 没有使用到外部脚本!
[2019-03-20T16:08:57.875] [DEBUG] main.js - 判断是否可以输出Html!
[2019-03-20T16:08:58.006] [DEBUG] main.js - 判断是否可以输出Html!
[2019-03-20T16:08:58.006] [DEBUG] default - 忽略文件: C:\Users\PG\Documents\GitHub\SWG\client\src\resource\progress.svg
[2019-03-20T16:08:58.007] [INFO] main.js - Compile successfully, Use time: 359 msec!
[2019-03-20T16:09:12.654] [INFO] main.js - file change: C:\Users\PG\Documents\GitHub\SWG\client\src\page\home.page
[2019-03-20T16:09:12.654] [INFO] main.js - --------------------------- 开始编译 ---------------------------
[2019-03-20T16:09:12.654] [INFO] main.js - 程序运行目录: C:\Users\PG\Documents\GitHub\SWG\client
[2019-03-20T16:09:12.654] [INFO] main.js - 刷新模式,变化目录: C:\Users\PG\Documents\GitHub\SWG\client\src\page\home.page
[2019-03-20T16:09:12.654] [INFO] main.js - 读取模板文件: C:\Users\PG\Documents\GitHub\PG\index.html
[2019-03-20T16:09:12.654] [DEBUG] main.js - 读取网页标题: 页面
[2019-03-20T16:09:12.654] [DEBUG] main.js - 处理页面源信息: [{"http-equiv":"content-type","content":"text/html; charset=UTF-8"},{"name":"viewport","content":"initial-scale=1,user-scalable=no,maximum-scale=1"}]
[2019-03-20T16:09:12.748] [DEBUG] default - 发现 comment 规则: undefined
[2019-03-20T16:09:12.748] [DEBUG] default - 发现 comment 规则: undefined
[2019-03-20T16:09:12.748] [DEBUG] default - 发现 comment 规则: undefined
[2019-03-20T16:09:12.758] [DEBUG] index.js - 页面中使用到的动画列表: [object Set]
[2019-03-20T16:09:12.764] [INFO] main.js - 工程中包含多个页面!
[2019-03-20T16:09:12.765] [INFO] main.js - 写文件: C:\Users\PG\Documents\GitHub\SWG\public\static\css\ozzx.animation.css
[2019-03-20T16:09:12.766] [INFO] main.js - 包含有页面切换动画!
[2019-03-20T16:09:12.766] [INFO] main.js - 动画列表: moveToLeft,moveFromRight
[2019-03-20T16:09:12.884] [DEBUG] main.js - 处理引用脚本: []
[2019-03-20T16:09:12.884] [DEBUG] main.js - 没有使用到外部脚本!
[2019-03-20T16:09:12.884] [DEBUG] main.js - 判断是否可以输出Html!
[2019-03-20T16:09:13.016] [DEBUG] main.js - 判断是否可以输出Html!
[2019-03-20T16:09:13.016] [DEBUG] default - 忽略文件: C:\Users\PG\Documents\GitHub\SWG\client\src\resource\progress.svg
[2019-03-20T16:09:13.017] [INFO] main.js - Compile successfully, Use time: 363 msec!
[2019-03-20T16:13:32.442] [INFO] main.js - file change: C:\Users\PG\Documents\GitHub\SWG\client\src\page\home.page
[2019-03-20T16:13:32.442] [INFO] main.js - --------------------------- 开始编译 ---------------------------
[2019-03-20T16:13:32.442] [INFO] main.js - 程序运行目录: C:\Users\PG\Documents\GitHub\SWG\client
[2019-03-20T16:13:32.442] [INFO] main.js - 刷新模式,变化目录: C:\Users\PG\Documents\GitHub\SWG\client\src\page\home.page
[2019-03-20T16:13:32.442] [INFO] main.js - 读取模板文件: C:\Users\PG\Documents\GitHub\PG\index.html
[2019-03-20T16:13:32.443] [DEBUG] main.js - 读取网页标题: 页面
[2019-03-20T16:13:32.443] [DEBUG] main.js - 处理页面源信息: [{"http-equiv":"content-type","content":"text/html; charset=UTF-8"},{"name":"viewport","content":"initial-scale=1,user-scalable=no,maximum-scale=1"}]
[2019-03-20T16:13:32.499] [DEBUG] default - 发现 comment 规则: undefined
[2019-03-20T16:13:32.499] [DEBUG] default - 发现 comment 规则: undefined
[2019-03-20T16:13:32.499] [DEBUG] default - 发现 comment 规则: undefined
[2019-03-20T16:13:32.506] [DEBUG] index.js - 页面中使用到的动画列表: [object Set]
[2019-03-20T16:13:32.515] [INFO] main.js - 工程中包含多个页面!
[2019-03-20T16:13:32.516] [INFO] main.js - 写文件: C:\Users\PG\Documents\GitHub\SWG\public\static\css\ozzx.animation.css
[2019-03-20T16:13:32.516] [INFO] main.js - 包含有页面切换动画!
[2019-03-20T16:13:32.516] [INFO] main.js - 动画列表: moveToLeft,moveFromRight
[2019-03-20T16:13:32.603] [DEBUG] main.js - 处理引用脚本: []
[2019-03-20T16:13:32.603] [DEBUG] main.js - 没有使用到外部脚本!
[2019-03-20T16:13:32.603] [DEBUG] main.js - 判断是否可以输出Html!
[2019-03-20T16:13:32.740] [DEBUG] main.js - 判断是否可以输出Html!
[2019-03-20T16:13:32.741] [DEBUG] default - 忽略文件: C:\Users\PG\Documents\GitHub\SWG\client\src\resource\progress.svg
[2019-03-20T16:13:32.743] [INFO] main.js - Compile successfully, Use time: 301 msec!
[2019-03-20T16:13:43.178] [INFO] main.js - file change: C:\Users\PG\Documents\GitHub\SWG\client\src\page\home.page
[2019-03-20T16:13:43.178] [INFO] main.js - --------------------------- 开始编译 ---------------------------
[2019-03-20T16:13:43.178] [INFO] main.js - 程序运行目录: C:\Users\PG\Documents\GitHub\SWG\client
[2019-03-20T16:13:43.178] [INFO] main.js - 刷新模式,变化目录: C:\Users\PG\Documents\GitHub\SWG\client\src\page\home.page
[2019-03-20T16:13:43.178] [INFO] main.js - 读取模板文件: C:\Users\PG\Documents\GitHub\PG\index.html
[2019-03-20T16:13:43.178] [DEBUG] main.js - 读取网页标题: 页面
[2019-03-20T16:13:43.178] [DEBUG] main.js - 处理页面源信息: [{"http-equiv":"content-type","content":"text/html; charset=UTF-8"},{"name":"viewport","content":"initial-scale=1,user-scalable=no,maximum-scale=1"}]
[2019-03-20T16:13:43.228] [DEBUG] default - 发现 comment 规则: undefined
[2019-03-20T16:13:43.228] [DEBUG] default - 发现 comment 规则: undefined
[2019-03-20T16:13:43.228] [DEBUG] default - 发现 comment 规则: undefined
[2019-03-20T16:13:43.236] [DEBUG] index.js - 页面中使用到的动画列表: [object Set]
[2019-03-20T16:13:43.241] [INFO] main.js - 工程中包含多个页面!
[2019-03-20T16:13:43.242] [INFO] main.js - 写文件: C:\Users\PG\Documents\GitHub\SWG\public\static\css\ozzx.animation.css
[2019-03-20T16:13:43.242] [INFO] main.js - 包含有页面切换动画!
[2019-03-20T16:13:43.242] [INFO] main.js - 动画列表: moveToLeft,moveFromRight
[2019-03-20T16:13:43.353] [DEBUG] main.js - 处理引用脚本: []
[2019-03-20T16:13:43.353] [DEBUG] main.js - 没有使用到外部脚本!
[2019-03-20T16:13:43.353] [DEBUG] main.js - 判断是否可以输出Html!
[2019-03-20T16:13:43.479] [DEBUG] main.js - 判断是否可以输出Html!
[2019-03-20T16:13:43.479] [DEBUG] default - 忽略文件: C:\Users\PG\Documents\GitHub\SWG\client\src\resource\progress.svg
[2019-03-20T16:13:43.480] [INFO] main.js - Compile successfully, Use time: 302 msec!
[2019-03-20T16:14:07.036] [INFO] main.js - file change: C:\Users\PG\Documents\GitHub\SWG\client\src\page\home.page
[2019-03-20T16:14:07.037] [INFO] main.js - --------------------------- 开始编译 ---------------------------
[2019-03-20T16:14:07.037] [INFO] main.js - 程序运行目录: C:\Users\PG\Documents\GitHub\SWG\client
[2019-03-20T16:14:07.037] [INFO] main.js - 刷新模式,变化目录: C:\Users\PG\Documents\GitHub\SWG\client\src\page\home.page
[2019-03-20T16:14:07.037] [INFO] main.js - 读取模板文件: C:\Users\PG\Documents\GitHub\PG\index.html
[2019-03-20T16:14:07.038] [DEBUG] main.js - 读取网页标题: 页面
[2019-03-20T16:14:07.038] [DEBUG] main.js - 处理页面源信息: [{"http-equiv":"content-type","content":"text/html; charset=UTF-8"},{"name":"viewport","content":"initial-scale=1,user-scalable=no,maximum-scale=1"}]
[2019-03-20T16:14:07.079] [DEBUG] default - 发现 comment 规则: undefined
[2019-03-20T16:14:07.079] [DEBUG] default - 发现 comment 规则: undefined
[2019-03-20T16:14:07.079] [DEBUG] default - 发现 comment 规则: undefined
[2019-03-20T16:14:07.085] [DEBUG] index.js - 页面中使用到的动画列表: [object Set]
[2019-03-20T16:14:07.091] [INFO] main.js - 工程中包含多个页面!
[2019-03-20T16:14:07.091] [INFO] main.js - 写文件: C:\Users\PG\Documents\GitHub\SWG\public\static\css\ozzx.animation.css
[2019-03-20T16:14:07.092] [INFO] main.js - 包含有页面切换动画!
[2019-03-20T16:14:07.092] [INFO] main.js - 动画列表: moveToLeft,moveFromRight
[2019-03-20T16:14:07.162] [DEBUG] main.js - 处理引用脚本: []
[2019-03-20T16:14:07.162] [DEBUG] main.js - 没有使用到外部脚本!
[2019-03-20T16:14:07.162] [DEBUG] main.js - 判断是否可以输出Html!
[2019-03-20T16:14:07.272] [DEBUG] main.js - 判断是否可以输出Html!
[2019-03-20T16:14:07.273] [DEBUG] default - 忽略文件: C:\Users\PG\Documents\GitHub\SWG\client\src\resource\progress.svg
[2019-03-20T16:14:07.273] [INFO] main.js - Compile successfully, Use time: 236 msec!
[2019-03-20T16:15:38.689] [INFO] main.js - file change: C:\Users\PG\Documents\GitHub\SWG\client\src\page\home.page
[2019-03-20T16:15:38.690] [INFO] main.js - --------------------------- 开始编译 ---------------------------
[2019-03-20T16:15:38.690] [INFO] main.js - 程序运行目录: C:\Users\PG\Documents\GitHub\SWG\client
[2019-03-20T16:15:38.690] [INFO] main.js - 刷新模式,变化目录: C:\Users\PG\Documents\GitHub\SWG\client\src\page\home.page
[2019-03-20T16:15:38.690] [INFO] main.js - 读取模板文件: C:\Users\PG\Documents\GitHub\PG\index.html
[2019-03-20T16:15:38.690] [DEBUG] main.js - 读取网页标题: 页面
[2019-03-20T16:15:38.690] [DEBUG] main.js - 处理页面源信息: [{"http-equiv":"content-type","content":"text/html; charset=UTF-8"},{"name":"viewport","content":"initial-scale=1,user-scalable=no,maximum-scale=1"}]
[2019-03-20T16:15:38.734] [DEBUG] default - 发现 comment 规则: undefined
[2019-03-20T16:15:38.734] [DEBUG] default - 发现 comment 规则: undefined
[2019-03-20T16:15:38.734] [DEBUG] default - 发现 comment 规则: undefined
[2019-03-20T16:15:38.742] [DEBUG] index.js - 页面中使用到的动画列表: [object Set]
[2019-03-20T16:15:38.746] [INFO] main.js - 工程中包含多个页面!
[2019-03-20T16:15:38.747] [INFO] main.js - 写文件: C:\Users\PG\Documents\GitHub\SWG\public\static\css\ozzx.animation.css
[2019-03-20T16:15:38.748] [INFO] main.js - 包含有页面切换动画!
[2019-03-20T16:15:38.748] [INFO] main.js - 动画列表: moveToLeft,moveFromRight
[2019-03-20T16:15:38.841] [DEBUG] main.js - 处理引用脚本: []
[2019-03-20T16:15:38.841] [DEBUG] main.js - 没有使用到外部脚本!
[2019-03-20T16:15:38.842] [DEBUG] main.js - 判断是否可以输出Html!
[2019-03-20T16:15:38.959] [DEBUG] main.js - 判断是否可以输出Html!
[2019-03-20T16:15:38.959] [DEBUG] default - 忽略文件: C:\Users\PG\Documents\GitHub\SWG\client\src\resource\progress.svg
[2019-03-20T16:15:38.960] [INFO] main.js - Compile successfully, Use time: 270 msec!
[2019-03-20T16:17:32.023] [INFO] main.js - file change: C:\Users\PG\Documents\GitHub\SWG\client\src\page\home.page
[2019-03-20T16:17:32.023] [INFO] main.js - --------------------------- 开始编译 ---------------------------
[2019-03-20T16:17:32.023] [INFO] main.js - 程序运行目录: C:\Users\PG\Documents\GitHub\SWG\client
[2019-03-20T16:17:32.023] [INFO] main.js - 刷新模式,变化目录: C:\Users\PG\Documents\GitHub\SWG\client\src\page\home.page
[2019-03-20T16:17:32.023] [INFO] main.js - 读取模板文件: C:\Users\PG\Documents\GitHub\PG\index.html
[2019-03-20T16:17:32.024] [DEBUG] main.js - 读取网页标题: 页面
[2019-03-20T16:17:32.024] [DEBUG] main.js - 处理页面源信息: [{"http-equiv":"content-type","content":"text/html; charset=UTF-8"},{"name":"viewport","content":"initial-scale=1,user-scalable=no,maximum-scale=1"}]
[2019-03-20T16:17:32.089] [DEBUG] default - 发现 comment 规则: undefined
[2019-03-20T16:17:32.089] [DEBUG] default - 发现 comment 规则: undefined
[2019-03-20T16:17:32.089] [DEBUG] default - 发现 comment 规则: undefined
[2019-03-20T16:17:32.096] [DEBUG] index.js - 页面中使用到的动画列表: [object Set]
[2019-03-20T16:17:32.102] [INFO] main.js - 工程中包含多个页面!
[2019-03-20T16:17:32.102] [INFO] main.js - 写文件: C:\Users\PG\Documents\GitHub\SWG\public\static\css\ozzx.animation.css
[2019-03-20T16:17:32.103] [INFO] main.js - 包含有页面切换动画!
[2019-03-20T16:17:32.103] [INFO] main.js - 动画列表: moveToLeft,moveFromRight
[2019-03-20T16:17:32.169] [DEBUG] main.js - 处理引用脚本: []
[2019-03-20T16:17:32.169] [DEBUG] main.js - 没有使用到外部脚本!
[2019-03-20T16:17:32.169] [DEBUG] main.js - 判断是否可以输出Html!
[2019-03-20T16:17:32.282] [DEBUG] main.js - 判断是否可以输出Html!
[2019-03-20T16:17:32.282] [DEBUG] default - 忽略文件: C:\Users\PG\Documents\GitHub\SWG\client\src\resource\progress.svg
[2019-03-20T16:17:32.283] [INFO] main.js - Compile successfully, Use time: 260 msec!
[2019-03-20T16:26:26.135] [INFO] main.js - file change: C:\Users\PG\Documents\GitHub\SWG\client\src\page\home.page
[2019-03-20T16:26:26.136] [INFO] main.js - --------------------------- 开始编译 ---------------------------
[2019-03-20T16:26:26.136] [INFO] main.js - 程序运行目录: C:\Users\PG\Documents\GitHub\SWG\client
[2019-03-20T16:26:26.136] [INFO] main.js - 刷新模式,变化目录: C:\Users\PG\Documents\GitHub\SWG\client\src\page\home.page
[2019-03-20T16:26:26.136] [INFO] main.js - 读取模板文件: C:\Users\PG\Documents\GitHub\PG\index.html
[2019-03-20T16:26:26.137] [DEBUG] main.js - 读取网页标题: 页面
[2019-03-20T16:26:26.137] [DEBUG] main.js - 处理页面源信息: [{"http-equiv":"content-type","content":"text/html; charset=UTF-8"},{"name":"viewport","content":"initial-scale=1,user-scalable=no,maximum-scale=1"}]
[2019-03-20T16:26:26.191] [DEBUG] default - 发现 comment 规则: undefined
[2019-03-20T16:26:26.191] [DEBUG] default - 发现 comment 规则: undefined
[2019-03-20T16:26:26.191] [DEBUG] default - 发现 comment 规则: undefined
[2019-03-20T16:26:26.198] [DEBUG] index.js - 页面中使用到的动画列表: [object Set]
[2019-03-20T16:26:26.202] [INFO] main.js - 工程中包含多个页面!
[2019-03-20T16:26:26.203] [INFO] main.js - 写文件: C:\Users\PG\Documents\GitHub\SWG\public\static\css\ozzx.animation.css
[2019-03-20T16:26:26.203] [INFO] main.js - 包含有页面切换动画!
[2019-03-20T16:26:26.203] [INFO] main.js - 动画列表: moveToLeft,moveFromRight
[2019-03-20T16:26:26.326] [DEBUG] main.js - 处理引用脚本: []
[2019-03-20T16:26:26.326] [DEBUG] main.js - 没有使用到外部脚本!
[2019-03-20T16:26:26.326] [DEBUG] main.js - 判断是否可以输出Html!
[2019-03-20T16:26:26.444] [DEBUG] main.js - 判断是否可以输出Html!
[2019-03-20T16:26:26.444] [DEBUG] default - 忽略文件: C:\Users\PG\Documents\GitHub\SWG\client\src\resource\progress.svg
[2019-03-20T16:26:26.446] [INFO] main.js - Compile successfully, Use time: 310 msec!
[2019-03-20T16:31:14.119] [INFO] main.js - file change: C:\Users\PG\Documents\GitHub\SWG\client\src\page\home.page
[2019-03-20T16:31:14.119] [INFO] main.js - --------------------------- 开始编译 ---------------------------
[2019-03-20T16:31:14.119] [INFO] main.js - 程序运行目录: C:\Users\PG\Documents\GitHub\SWG\client
[2019-03-20T16:31:14.119] [INFO] main.js - 刷新模式,变化目录: C:\Users\PG\Documents\GitHub\SWG\client\src\page\home.page
[2019-03-20T16:31:14.119] [INFO] main.js - 读取模板文件: C:\Users\PG\Documents\GitHub\PG\index.html
[2019-03-20T16:31:14.120] [DEBUG] main.js - 读取网页标题: 页面
[2019-03-20T16:31:14.120] [DEBUG] main.js - 处理页面源信息: [{"http-equiv":"content-type","content":"text/html; charset=UTF-8"},{"name":"viewport","content":"initial-scale=1,user-scalable=no,maximum-scale=1"}]
[2019-03-20T16:31:14.170] [DEBUG] default - 发现 comment 规则: undefined
[2019-03-20T16:31:14.170] [DEBUG] default - 发现 comment 规则: undefined
[2019-03-20T16:31:14.170] [DEBUG] default - 发现 comment 规则: undefined
[2019-03-20T16:31:14.176] [DEBUG] index.js - 页面中使用到的动画列表: [object Set]
[2019-03-20T16:31:14.182] [INFO] main.js - 工程中包含多个页面!
[2019-03-20T16:31:14.183] [INFO] main.js - 写文件: C:\Users\PG\Documents\GitHub\SWG\public\static\css\ozzx.animation.css
[2019-03-20T16:31:14.185] [INFO] main.js - 包含有页面切换动画!
[2019-03-20T16:31:14.185] [INFO] main.js - 动画列表: moveToLeft,moveFromRight
[2019-03-20T16:31:14.263] [DEBUG] main.js - 处理引用脚本: []
[2019-03-20T16:31:14.263] [DEBUG] main.js - 没有使用到外部脚本!
[2019-03-20T16:31:14.263] [DEBUG] main.js - 判断是否可以输出Html!
[2019-03-20T16:31:14.443] [DEBUG] main.js - 判断是否可以输出Html!
[2019-03-20T16:31:14.443] [DEBUG] default - 忽略文件: C:\Users\PG\Documents\GitHub\SWG\client\src\resource\progress.svg
[2019-03-20T16:31:14.444] [INFO] main.js - Compile successfully, Use time: 325 msec!
[2019-03-20T16:33:39.876] [INFO] main.js - file change: C:\Users\PG\Documents\GitHub\SWG\client\src\page\home.page
[2019-03-20T16:33:39.876] [INFO] main.js - --------------------------- 开始编译 ---------------------------
[2019-03-20T16:33:39.876] [INFO] main.js - 程序运行目录: C:\Users\PG\Documents\GitHub\SWG\client
[2019-03-20T16:33:39.876] [INFO] main.js - 刷新模式,变化目录: C:\Users\PG\Documents\GitHub\SWG\client\src\page\home.page
[2019-03-20T16:33:39.876] [INFO] main.js - 读取模板文件: C:\Users\PG\Documents\GitHub\PG\index.html
[2019-03-20T16:33:39.887] [DEBUG] main.js - 读取网页标题: 页面
[2019-03-20T16:33:39.887] [DEBUG] main.js - 处理页面源信息: [{"http-equiv":"content-type","content":"text/html; charset=UTF-8"},{"name":"viewport","content":"initial-scale=1,user-scalable=no,maximum-scale=1"}]
[2019-03-20T16:33:39.952] [DEBUG] default - 发现 comment 规则: undefined
[2019-03-20T16:33:39.952] [DEBUG] default - 发现 comment 规则: undefined
[2019-03-20T16:33:39.952] [DEBUG] default - 发现 comment 规则: undefined
[2019-03-20T16:33:39.961] [DEBUG] index.js - 页面中使用到的动画列表: [object Set]
[2019-03-20T16:33:39.979] [INFO] main.js - 工程中包含多个页面!
[2019-03-20T16:33:39.981] [INFO] main.js - 写文件: C:\Users\PG\Documents\GitHub\SWG\public\static\css\ozzx.animation.css
[2019-03-20T16:33:39.996] [INFO] main.js - 包含有页面切换动画!
[2019-03-20T16:33:39.996] [INFO] main.js - 动画列表: moveToLeft,moveFromRight
[2019-03-20T16:33:40.138] [DEBUG] main.js - 处理引用脚本: []
[2019-03-20T16:33:40.138] [DEBUG] main.js - 没有使用到外部脚本!
[2019-03-20T16:33:40.138] [DEBUG] main.js - 判断是否可以输出Html!
[2019-03-20T16:33:40.339] [DEBUG] main.js - 判断是否可以输出Html!
[2019-03-20T16:33:40.339] [DEBUG] default - 忽略文件: C:\Users\PG\Documents\GitHub\SWG\client\src\resource\progress.svg
[2019-03-20T16:33:40.342] [INFO] main.js - Compile successfully, Use time: 466 msec!
[2019-03-20T16:34:46.217] [INFO] main.js - file change: C:\Users\PG\Documents\GitHub\SWG\client\src\page\home.page
[2019-03-20T16:34:46.217] [INFO] main.js - --------------------------- 开始编译 ---------------------------
[2019-03-20T16:34:46.217] [INFO] main.js - 程序运行目录: C:\Users\PG\Documents\GitHub\SWG\client
[2019-03-20T16:34:46.217] [INFO] main.js - 刷新模式,变化目录: C:\Users\PG\Documents\GitHub\SWG\client\src\page\home.page
[2019-03-20T16:34:46.217] [INFO] main.js - 读取模板文件: C:\Users\PG\Documents\GitHub\PG\index.html
[2019-03-20T16:34:46.218] [DEBUG] main.js - 读取网页标题: 页面
[2019-03-20T16:34:46.218] [DEBUG] main.js - 处理页面源信息: [{"http-equiv":"content-type","content":"text/html; charset=UTF-8"},{"name":"viewport","content":"initial-scale=1,user-scalable=no,maximum-scale=1"}]
[2019-03-20T16:34:46.256] [DEBUG] default - 发现 comment 规则: undefined
[2019-03-20T16:34:46.256] [DEBUG] default - 发现 comment 规则: undefined
[2019-03-20T16:34:46.256] [DEBUG] default - 发现 comment 规则: undefined
[2019-03-20T16:34:46.263] [DEBUG] index.js - 页面中使用到的动画列表: [object Set]
[2019-03-20T16:34:46.269] [INFO] main.js - 工程中包含多个页面!
[2019-03-20T16:34:46.270] [INFO] main.js - 写文件: C:\Users\PG\Documents\GitHub\SWG\public\static\css\ozzx.animation.css
[2019-03-20T16:34:46.271] [INFO] main.js - 包含有页面切换动画!
[2019-03-20T16:34:46.271] [INFO] main.js - 动画列表: moveToLeft,moveFromRight
[2019-03-20T16:34:46.346] [DEBUG] main.js - 处理引用脚本: []
[2019-03-20T16:34:46.346] [DEBUG] main.js - 没有使用到外部脚本!
[2019-03-20T16:34:46.346] [DEBUG] main.js - 判断是否可以输出Html!
[2019-03-20T16:34:46.456] [DEBUG] main.js - 判断是否可以输出Html!
[2019-03-20T16:34:46.456] [DEBUG] default - 忽略文件: C:\Users\PG\Documents\GitHub\SWG\client\src\resource\progress.svg
[2019-03-20T16:34:46.457] [INFO] main.js - Compile successfully, Use time: 240 msec!
[2019-03-20T16:55:02.421] [INFO] main.js - --------------------------- 开始编译 ---------------------------
[2019-03-20T16:55:02.423] [INFO] main.js - 程序运行目录: C:\Users\PG\Documents\GitHub\SWG\client
[2019-03-20T16:55:02.424] [INFO] main.js - 首次启动!
[2019-03-20T16:55:02.424] [INFO] main.js - 生成版本号: my2k8asgk6m
[2019-03-20T16:55:02.426] [INFO] main.js - 清理资源文件夹: C:\Users\PG\Documents\GitHub\SWG\public\static
[2019-03-20T16:55:02.426] [INFO] tool.js - 文件夹不存在: C:\Users\PG\Documents\GitHub\SWG\public\static
[2019-03-20T16:55:02.426] [INFO] tool.js - 创建文件夹: C:\Users\PG\Documents\GitHub\SWG\public\static
[2019-03-20T16:55:02.426] [INFO] main.js - 读取模板文件: C:\Users\PG\Documents\GitHub\PG\index.html
[2019-03-20T16:55:02.427] [DEBUG] main.js - 读取网页标题: 页面
[2019-03-20T16:55:02.427] [DEBUG] main.js - 处理页面源信息: [{"http-equiv":"content-type","content":"text/html; charset=UTF-8"},{"name":"viewport","content":"initial-scale=1,user-scalable=no,maximum-scale=1"}]
[2019-03-20T16:55:02.964] [DEBUG] default - 发现 comment 规则: undefined
[2019-03-20T16:55:02.964] [DEBUG] default - 发现 comment 规则: undefined
[2019-03-20T16:55:02.964] [DEBUG] default - 发现 comment 规则: undefined
[2019-03-20T16:55:02.980] [DEBUG] index.js - 页面中使用到的动画列表: [object Set]
[2019-03-20T16:55:02.980] [INFO] tool.js - 文件夹不存在: C:\Users\PG\Documents\GitHub\SWG\public\static\resource
[2019-03-20T16:55:02.981] [INFO] tool.js - 创建文件夹: C:\Users\PG\Documents\GitHub\SWG\public\static\resource
[2019-03-20T16:55:03.005] [INFO] main.js - 工程中包含多个页面!
[2019-03-20T16:55:03.006] [INFO] tool.js - 文件夹不存在: C:\Users\PG\Documents\GitHub\SWG\public\static\css
[2019-03-20T16:55:03.006] [INFO] tool.js - 创建文件夹: C:\Users\PG\Documents\GitHub\SWG\public\static\css
[2019-03-20T16:55:03.007] [INFO] main.js - 写文件: C:\Users\PG\Documents\GitHub\SWG\public\static\css\ozzx.animation.css
[2019-03-20T16:55:03.008] [INFO] main.js - 包含有页面切换动画!
[2019-03-20T16:55:03.008] [INFO] main.js - 动画列表: moveToLeft,moveFromRight
[2019-03-20T16:55:06.520] [INFO] tool.js - 文件夹不存在: C:\Users\PG\Documents\GitHub\SWG\public\static\js
[2019-03-20T16:55:06.520] [INFO] tool.js - 创建文件夹: C:\Users\PG\Documents\GitHub\SWG\public\static\js
[2019-03-20T16:55:06.521] [INFO] tool.js - 读取文件: C:\Users\PG\Documents\GitHub\PG\core\debug\autoReload.js
[2019-03-20T16:55:06.522] [DEBUG] main.js - 处理引用脚本: []
[2019-03-20T16:55:06.522] [DEBUG] main.js - 没有使用到外部脚本!
[2019-03-20T16:55:06.522] [DEBUG] main.js - 判断是否可以输出Html!
[2019-03-20T16:55:06.522] [INFO] main.js - 监控文件夹变化: C:\Users\PG\Documents\GitHub\SWG\client\src
[2019-03-20T16:55:06.531] [INFO] main.js - 服务器运行在: 127.0.0.1:8000
[2019-03-20T16:55:06.704] [INFO] tool.js - 读取文件: C:\Users\PG\Documents\GitHub\SWG\client\src\main.css
[2019-03-20T16:55:06.704] [DEBUG] main.js - 判断是否可以输出Html!
[2019-03-20T16:55:06.704] [INFO] tool.js - 读取文件: C:\Users\PG\Documents\GitHub\SWG\client\src\resource\progress.svg
[2019-03-20T16:55:06.707] [INFO] main.js - Compile successfully, Use time: 4285 msec!
[2019-03-20T16:55:06.725] [INFO] tool.js - 读取成功: C:\Users\PG\Documents\GitHub\PG\core\debug\autoReload.js
[2019-03-20T16:55:06.725] [INFO] tool.js - 读取成功: C:\Users\PG\Documents\GitHub\SWG\client\src\main.css
[2019-03-20T16:55:06.725] [INFO] tool.js - 读取成功: C:\Users\PG\Documents\GitHub\SWG\client\src\resource\progress.svg
[2019-03-20T16:55:06.727] [INFO] tool.js - 写入文件: C:\Users\PG\Documents\GitHub\SWG\public\static\js\autoReload.js
[2019-03-20T16:55:06.728] [INFO] tool.js - 写入文件: C:\Users\PG\Documents\GitHub\SWG\public\static\css\main.css
[2019-03-20T16:55:06.730] [INFO] tool.js - 写入文件: C:\Users\PG\Documents\GitHub\SWG\public\static\resource\progress.svg
